<?xml version="1.0" encoding="UTF-8"?>
<!-- Generated by org.testng.reporters.JUnitXMLReporter -->
<testsuite ignored="3" hostname="AnitaPrashanth" failures="0" tests="7" name="Default test" time="19.394" errors="0" timestamp="2024-05-14T00:49:16 CEST">
  <testcase classname="GoRestTests.PostTests" name="GetAllPosts" time="3.298"/>
  <testcase classname="GoRestTests.CommentTests" name="GetAllComments" time="1.478"/>
  <testcase classname="GoRestTests.UserTests" name="CreateNewUser_And_UpdateUser_Is_Successful" time="4.696"/>
  <testcase classname="GoRestTests.UserTests" name="Create_New_User_Using_Existing_Email_Is_Unsuccessful" time="4.362"/>
  <testcase classname="GoRestTests.UserTests" name="Create_New_User_With_Insufficient_Data_Is_Unsuccessful" time="1.157"/>
  <testcase classname="GoRestTests.UserTests" name="Create_New_User_With_Sufficient_Data_Is_Successful" time="2.035"/>
  <testcase classname="GoRestTests.UserTests" name="Get_Users_Returns_A_List_Of_Users" time="1.42"/>
  <testcase classname="GoRestTests.TestBase" name="@BeforeTest setup" time="0.0">
    <ignored/>
  </testcase> <!-- @BeforeTest setup -->
  <testcase classname="GoRestTests.TestBase" name="@BeforeTest setup" time="0.0">
    <ignored/>
  </testcase> <!-- @BeforeTest setup -->
  <testcase classname="GoRestTests.TestBase" name="@BeforeTest setup" time="0.0">
    <ignored/>
  </testcase> <!-- @BeforeTest setup -->
</testsuite> <!-- Default test -->
